<?xml version="1.0" encoding="UTF-8"?>
<!-- Generated by org.testng.reporters.JUnitXMLReporter -->
<testsuite ignored="1" hostname="ASHISH" failures="0" tests="1" name="Default test" time="30.111" errors="0" timestamp="2023-01-15T15:59:14 IST">
  <testcase classname="testPage.OtpPageTest" name="verifyContinueBtnTest" time="6.991"/>
  <testcase classname="testPage.OtpPageTest" name="verifyOtpBoxTest" time="0.0">
    <ignored/>
  </testcase> <!-- verifyOtpBoxTest -->
</testsuite> <!-- Default test -->
