<?xml version="1.0" encoding="UTF-8"?>
<testng-results ignored="1" total="2" passed="1" failed="0" skipped="0">
  <reporter-output>
  </reporter-output>
  <suite started-at="2023-01-15T15:58:44 IST" name="Default suite" finished-at="2023-01-15T15:59:14 IST" duration-ms="30111">
    <groups>
    </groups>
    <test started-at="2023-01-15T15:58:44 IST" name="Default test" finished-at="2023-01-15T15:59:14 IST" duration-ms="30111">
      <class name="testPage.OtpPageTest">
        <test-method is-config="true" signature="setup()[pri:0, instance:testPage.OtpPageTest@54a7079e]" started-at="2023-01-15T15:58:44 IST" name="setup" finished-at="2023-01-15T15:58:50 IST" duration-ms="6866" status="PASS">
          <reporter-output>
          </reporter-output>
        </test-method> <!-- setup -->
        <test-method signature="verifyContinueBtnTest()[pri:0, instance:testPage.OtpPageTest@54a7079e]" started-at="2023-01-15T15:58:50 IST" name="verifyContinueBtnTest" finished-at="2023-01-15T15:58:57 IST" duration-ms="6991" status="PASS">
          <reporter-output>
          </reporter-output>
        </test-method> <!-- verifyContinueBtnTest -->
        <test-method is-config="true" signature="closeBrowser()[pri:0, instance:testPage.OtpPageTest@54a7079e]" started-at="2023-01-15T15:58:57 IST" name="closeBrowser" finished-at="2023-01-15T15:59:14 IST" duration-ms="16200" status="PASS">
          <reporter-output>
          </reporter-output>
        </test-method> <!-- closeBrowser -->
      </class> <!-- testPage.OtpPageTest -->
    </test> <!-- Default test -->
  </suite> <!-- Default suite -->
</testng-results>
